[debug] [2025-12-05T11:11:41.616Z] ----------------------------------------------------------------------
[debug] [2025-12-05T11:11:41.617Z] Command:       /Users/samratm/.nvm/versions/node/v22.21.1/bin/node /Users/samratm/.nvm/versions/node/v22.21.1/bin/firebase init
[debug] [2025-12-05T11:11:41.617Z] CLI Version:   14.23.0
[debug] [2025-12-05T11:11:41.617Z] Platform:      darwin
[debug] [2025-12-05T11:11:41.617Z] Node Version:  v22.21.1
[debug] [2025-12-05T11:11:41.618Z] Time:          Fri Dec 05 2025 16:41:41 GMT+0530 (India Standard Time)
[debug] [2025-12-05T11:11:41.618Z] ----------------------------------------------------------------------
[debug] 
[info] 
     ######## #### ########  ######## ########     ###     ######  ########
     ##        ##  ##     ## ##       ##     ##  ##   ##  ##       ##
     ######    ##  ########  ######   ########  #########  ######  ######
     ##        ##  ##    ##  ##       ##     ## ##     ##       ## ##
     ##       #### ##     ## ######## ########  ##     ##  ######  ########

You're about to initialize a Firebase project in this directory:

  /Users/samratm/Documents/zeta/xyber/emojivia_question_adder

[info] 
=== Project Setup
[info] 
[info] First, let's associate this project directory with a Firebase project.
[info] You can create multiple project aliases by running firebase use --add, 
[info] 
[debug] [2025-12-05T11:11:59.257Z] > command requires scopes: ["email","openid","https://www.googleapis.com/auth/cloudplatformprojects.readonly","https://www.googleapis.com/auth/firebase","https://www.googleapis.com/auth/cloud-platform"]
[debug] [2025-12-05T11:11:59.257Z] > authorizing via signed-in user (samratmukherjee.sps@gmail.com)
[debug] [2025-12-05T11:11:59.259Z] Checked if tokens are valid: true, expires at: 1764936692243
[debug] [2025-12-05T11:11:59.259Z] Checked if tokens are valid: true, expires at: 1764936692243
[debug] [2025-12-05T11:11:59.261Z] >>> [apiv2][query] GET https://firebase.googleapis.com/v1beta1/projects pageSize=100
[debug] [2025-12-05T11:11:59.970Z] <<< [apiv2][status] GET https://firebase.googleapis.com/v1beta1/projects 200
[debug] [2025-12-05T11:11:59.970Z] <<< [apiv2][body] GET https://firebase.googleapis.com/v1beta1/projects [omitted]
[info] 
=== Hosting Setup
[debug] [2025-12-05T11:12:02.235Z] Checked if tokens are valid: true, expires at: 1764936692243
[debug] [2025-12-05T11:12:02.235Z] Checked if tokens are valid: true, expires at: 1764936692243
[debug] [2025-12-05T11:12:02.236Z] >>> [apiv2][query] GET https://firebase.googleapis.com/v1beta1/projects/emojivia-f5bd5 [none]
[debug] [2025-12-05T11:12:02.592Z] <<< [apiv2][status] GET https://firebase.googleapis.com/v1beta1/projects/emojivia-f5bd5 200
[debug] [2025-12-05T11:12:02.592Z] <<< [apiv2][body] GET https://firebase.googleapis.com/v1beta1/projects/emojivia-f5bd5 {"projectId":"emojivia-f5bd5","projectNumber":"891623101469","displayName":"Emojivia","name":"projects/emojivia-f5bd5","resources":{"hostingSite":"emojivia-f5bd5"},"state":"ACTIVE","etag":"1_0758ff6f-160a-46f4-b209-2a6610aeabbf"}
[info] 
[info] Your public directory is the folder (relative to your project directory) that
[info] will contain Hosting assets to be uploaded with firebase deploy. If you
[info] have a build process for your assets, use your build's output directory.
[info] 
[info] 
[info] i  Didn't detect a .git folder. Assuming /Users/samratm/Documents/zeta/xyber/emojivia_question_adder is the project root. 
[info] i  Authorizing with GitHub to upload your service account to a GitHub repository's secrets store. 
[info] 
[info] Visit this URL on this device to log in:
[info] https://github.com/login/oauth/authorize?client_id=89cf50f02ac6aaed3484&state=80548796&redirect_uri=http%3A%2F%2Flocalhost%3A9005&scope=read%3Auser%20repo%20public_repo
[info] 
[info] Waiting for authentication...
[debug] [2025-12-05T11:12:39.856Z] >>> [apiv2][query] POST https://github.com/login/oauth/access_token [none]
[debug] [2025-12-05T11:12:39.856Z] >>> [apiv2][body] POST https://github.com/login/oauth/access_token [stream]
[debug] [2025-12-05T11:12:40.293Z] <<< [apiv2][status] POST https://github.com/login/oauth/access_token 200
[debug] [2025-12-05T11:12:40.293Z] <<< [apiv2][body] POST https://github.com/login/oauth/access_token {"access_token":"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","token_type":"bearer","scope":"read:user,repo"}
[debug] [2025-12-05T11:12:40.308Z] >>> [apiv2][query] GET https://api.github.com/user [none]
[debug] [2025-12-05T11:12:40.741Z] <<< [apiv2][status] GET https://api.github.com/user 200
[debug] [2025-12-05T11:12:40.741Z] <<< [apiv2][body] GET https://api.github.com/user {"login":"xyber1004","id":217464622,"node_id":"U_kgDODPY_Lg","avatar_url":"https://avatars.githubusercontent.com/u/217464622?v=4","gravatar_id":"","url":"https://api.github.com/users/xyber1004","html_url":"https://github.com/xyber1004","followers_url":"https://api.github.com/users/xyber1004/followers","following_url":"https://api.github.com/users/xyber1004/following{/other_user}","gists_url":"https://api.github.com/users/xyber1004/gists{/gist_id}","starred_url":"https://api.github.com/users/xyber1004/starred{/owner}{/repo}","subscriptions_url":"https://api.github.com/users/xyber1004/subscriptions","organizations_url":"https://api.github.com/users/xyber1004/orgs","repos_url":"https://api.github.com/users/xyber1004/repos","events_url":"https://api.github.com/users/xyber1004/events{/privacy}","received_events_url":"https://api.github.com/users/xyber1004/received_events","type":"User","user_view_type":"private","site_admin":false,"name":null,"company":null,"blog":"","location":null,"email":null,"hireable":null,"bio":null,"twitter_username":null,"notification_email":null,"public_repos":3,"public_gists":0,"followers":0,"following":0,"created_at":"2025-06-22T13:54:42Z","updated_at":"2025-12-04T14:12:57Z","private_gists":0,"total_private_repos":3,"owned_private_repos":3,"disk_usage":5459,"collaborators":0,"two_factor_authentication":false,"plan":{"name":"free","space":976562499,"collaborators":0,"private_repos":10000}}
[info] 
[info] ✔  Success! Logged into GitHub as xyber1004 
[info] 
[debug] [2025-12-05T11:12:47.588Z] >>> [apiv2][query] GET https://api.github.com/repos//actions/secrets/public-key type=owner
[debug] [2025-12-05T11:12:47.872Z] <<< [apiv2][status] GET https://api.github.com/repos//actions/secrets/public-key 404
[debug] [2025-12-05T11:12:47.872Z] <<< [apiv2][body] GET https://api.github.com/repos//actions/secrets/public-key {"message":"Not Found","documentation_url":"https://docs.github.com/rest","status":"404"}
[info] 
[info] 
[error] ⚠  The provided authorization cannot be used with this repository. If this repository is in an organization, did you remember to grant access? 
[info] 
[info] i  Action required: Visit this URL to ensure access has been granted to the appropriate organization(s) for the Firebase CLI GitHub OAuth App: 
[info] https://github.com/settings/connections/applications/89cf50f02ac6aaed3484
[info] 
[debug] [2025-12-05T11:12:54.801Z] >>> [apiv2][query] GET https://api.github.com/repos//actions/secrets/public-key type=owner
[debug] [2025-12-05T11:12:56.659Z] <<< [apiv2][status] GET https://api.github.com/repos//actions/secrets/public-key 404
[debug] [2025-12-05T11:12:56.660Z] <<< [apiv2][body] GET https://api.github.com/repos//actions/secrets/public-key {"message":"Not Found","documentation_url":"https://docs.github.com/rest","status":"404"}
[info] 
[info] 
[error] ⚠  The provided authorization cannot be used with this repository. If this repository is in an organization, did you remember to grant access? 
[info] 
[info] i  Action required: Visit this URL to ensure access has been granted to the appropriate organization(s) for the Firebase CLI GitHub OAuth App: 
[info] https://github.com/settings/connections/applications/89cf50f02ac6aaed3484
[info] 
